# JRE version: OpenJDK Runtime Environment (11.0.4+10) (build 11.0.4+10-b304.69)
# Java VM: OpenJDK 64-Bit Server VM (11.0.4+10-b304.69, mixed mode, tiered, compressed oops, g1 gc, linux-amd64)
Heap:
 garbage-first heap   total 258048K, used 19256K [0x0000000705800000, 0x0000000800000000)
  region size 1024K, 15 young (15360K), 5 survivors (5120K)
 Metaspace       used 27846K, capacity 28157K, committed 28720K, reserved 1075200K
  class space    used 3008K, capacity 3117K, committed 3200K, reserved 1048576K
GC Heap History (6 events):
Event: 0,502 GC heap before
{Heap before GC invocations=0 (full 0):
 garbage-first heap   total 258048K, used 24576K [0x0000000705800000, 0x0000000800000000)
  region size 1024K, 24 young (24576K), 0 survivors (0K)
 Metaspace       used 14368K, capacity 14585K, committed 14976K, reserved 1062912K
  class space    used 1524K, capacity 1583K, committed 1664K, reserved 1048576K
}
Event: 0,506 GC heap after
{Heap after GC invocations=1 (full 0):
 garbage-first heap   total 258048K, used 4836K [0x0000000705800000, 0x0000000800000000)
  region size 1024K, 3 young (3072K), 3 survivors (3072K)
 Metaspace       used 14368K, capacity 14585K, committed 14976K, reserved 1062912K
  class space    used 1524K, capacity 1583K, committed 1664K, reserved 1048576K
}
Event: 0,786 GC heap before
{Heap before GC invocations=1 (full 0):
 garbage-first heap   total 258048K, used 32484K [0x0000000705800000, 0x0000000800000000)
  region size 1024K, 32 young (32768K), 3 survivors (3072K)
 Metaspace       used 20724K, capacity 20896K, committed 21296K, reserved 1069056K
  class space    used 2252K, capacity 2321K, committed 2432K, reserved 1048576K
}
Event: 0,790 GC heap after
{Heap after GC invocations=2 (full 0):
 garbage-first heap   total 258048K, used 6797K [0x0000000705800000, 0x0000000800000000)
  region size 1024K, 5 young (5120K), 5 survivors (5120K)
 Metaspace       used 20724K, capacity 20896K, committed 21296K, reserved 1069056K
  class space    used 2252K, capacity 2321K, committed 2432K, reserved 1048576K
}
Event: 4,866 GC heap before
{Heap before GC invocations=3 (full 0):
 garbage-first heap   total 258048K, used 38541K [0x0000000705800000, 0x0000000800000000)
  region size 1024K, 37 young (37888K), 5 survivors (5120K)
 Metaspace       used 27438K, capacity 27709K, committed 28208K, reserved 1075200K
  class space    used 3005K, capacity 3117K, committed 3200K, reserved 1048576K
}
Event: 4,874 GC heap after
{Heap after GC invocations=4 (full 0):
 garbage-first heap   total 258048K, used 10040K [0x0000000705800000, 0x0000000800000000)
  region size 1024K, 5 young (5120K), 5 survivors (5120K)
 Metaspace       used 27438K, capacity 27709K, committed 28208K, reserved 1075200K
  class space    used 3005K, capacity 3117K, committed 3200K, reserved 1048576K
}

